[2025-08-17 20:52:23,389:INFO:common:yaml file: config/config.yaml loaded successfully]
[2025-08-17 20:52:23,390:INFO:common:yaml file: params.yaml loaded successfully]
[2025-08-17 21:01:36,816:INFO:common:yaml file: config/config.yaml loaded successfully]
[2025-08-17 21:01:36,817:INFO:common:yaml file: params.yaml loaded successfully]
[2025-08-17 21:01:59,646:INFO:common:yaml file: config/config.yaml loaded successfully]
[2025-08-17 21:01:59,647:INFO:common:yaml file: params.yaml loaded successfully]
[2025-08-17 21:10:55,180:INFO:common:yaml file: config/config.yaml loaded successfully]
[2025-08-17 21:10:55,180:INFO:common:yaml file: params.yaml loaded successfully]
[2025-08-17 21:11:51,866:INFO:common:yaml file: config/config.yaml loaded successfully]
[2025-08-17 21:11:51,866:INFO:common:yaml file: params.yaml loaded successfully]
[2025-08-17 21:14:49,454:INFO:common:yaml file: config/config.yaml loaded successfully]
[2025-08-17 21:14:49,455:INFO:common:yaml file: params.yaml loaded successfully]
[2025-08-17 21:15:41,129:INFO:common:yaml file: config/config.yaml loaded successfully]
[2025-08-17 21:15:41,130:INFO:common:yaml file: params.yaml loaded successfully]
[2025-08-17 21:19:56,588:INFO:common:yaml file: config/config.yaml loaded successfully]
[2025-08-17 21:19:56,590:INFO:common:yaml file: params.yaml loaded successfully]
[2025-08-17 21:19:56,591:INFO:common:created directory at: artifacts]
[2025-08-17 21:19:56,592:INFO:common:created directory at: artifacts/data_ingestion]
[2025-08-17 21:19:56,592:INFO:4011944139:Downloading data from https://drive.google.com/file/d/1XeIX-HtiFbw47xyCqaufKl2v-CVecRZ2/view?usp=sharing into file artifacts/data_ingestion/data.zip]
[2025-08-17 21:20:13,709:INFO:4011944139:Downloaded data from https://drive.google.com/file/d/1XeIX-HtiFbw47xyCqaufKl2v-CVecRZ2/view?usp=sharing into file artifacts/data_ingestion/data.zip]
